<?xml version="1.0" encoding="UTF-8"?>
<!-- Generated by org.testng.reporters.JUnitReportReporter -->
<testsuite hostname="LAPTOP-L9RJK20B" failures="0" tests="1" name="learning.HomePageTest" time="19.286" errors="0" timestamp="2022-04-17T22:00:10 IST" skipped="0">
  <testcase classname="learning.HomePageTest" name="homePageNavigation" time="19.286"/>
  <system-out/>
</testsuite> <!-- learning.HomePageTest -->
