<?xml version="1.0" encoding="UTF-8"?>
<!-- Generated by org.testng.reporters.JUnitReportReporter -->
<testsuite hostname="LAPTOP-L9RJK20B" failures="0" tests="4" name="learning.ForgotPasswordPageTest" time="21.139" errors="0" timestamp="2022-04-17T22:14:19 IST" skipped="0">
  <testcase classname="learning.ForgotPasswordPageTest" name="validateBackButton" time="6.378"/>
  <system-out/>
  <testcase classname="learning.ForgotPasswordPageTest" name="validateEmailAddress" time="3.606"/>
  <system-out/>
  <testcase classname="learning.ForgotPasswordPageTest" name="validateCorrectEmail" time="7.756"/>
  <system-out/>
  <testcase classname="learning.ForgotPasswordPageTest" name="clickForgotPassword" time="3.399"/>
  <system-out/>
</testsuite> <!-- learning.ForgotPasswordPageTest -->
