<?xml version="1.0" encoding="UTF-8"?>
<!-- Generated by org.testng.reporters.JUnitReportReporter -->
<testsuite hostname="LAPTOP-L9RJK20B" failures="0" tests="1" name="learning.LoginPageTest" time="14.753" errors="0" timestamp="2022-04-17T22:10:35 IST" skipped="0">
  <testcase classname="learning.LoginPageTest" name="validatePassword" time="14.753"/>
  <system-out/>
</testsuite> <!-- learning.LoginPageTest -->
